\BOOKMARK [0][-]{chapter.1}{\376\377\000Y\000o\000n\000e\000d\000a}{}% 1
\BOOKMARK [0][-]{chapter.2}{\376\377\000F\000o\000n\000c\000t\000e\000u\000r\000s}{}% 2
\BOOKMARK [1][-]{section.2.1}{\376\377\000F\000o\000n\000c\000t\000e\000u\000r\000s\000\040\000r\000e\000p\000r\000\351\000s\000e\000n\000t\000a\000b\000l\000e\000s}{chapter.2}% 3
\BOOKMARK [0][-]{chapter.3}{\376\377\000O\000b\000j\000e\000t\000s\000\040\000u\000n\000i\000v\000e\000r\000s\000e\000l\000s\000\040\000d\000a\000n\000s\000\040\000l\000e\000s\000\040\000c\000a\000t\000\351\000g\000o\000r\000i\000e\000s\000\040\000a\000b\000\351\000l\000i\000e\000n\000n\000e\000s}{}% 4
\BOOKMARK [1][-]{section.3.1}{\376\377\000R\000e\000m\000a\000r\000q\000u\000e\000s\000\040\000s\000u\000r\000\040\000l\000a\000\040\000v\000a\000r\000i\000a\000n\000c\000e}{chapter.3}% 5
\BOOKMARK [2][-]{subsection.3.1.1}{\376\377\000L\000e\000\040\000p\000l\000o\000n\000g\000e\000m\000e\000n\000t\000\040\000d\000e\000\040\000Y\000o\000n\000e\000d\000a}{section.3.1}% 6
\BOOKMARK [2][-]{subsection.3.1.2}{\376\377\000S\000p\000\351\000c\000i\000a\000l\000i\000s\000a\000t\000i\000o\000n\000,\000\040\000f\000o\000n\000c\000t\000e\000u\000r\000\040\000r\000e\000p\000r\000\351\000s\000e\000n\000t\000a\000b\000l\000e}{section.3.1}% 7
\BOOKMARK [1][-]{section.3.2}{\376\377\000E\000x\000a\000c\000t\000i\000t\000u\000d\000e\000\040\000d\000u\000\040\000f\000o\000n\000c\000t\000e\000u\000r\000\040\000H\000o\000m}{chapter.3}% 8
\BOOKMARK [2][-]{subsection.3.2.1}{\376\377\000P\000r\000e\000u\000v\000e\000s\000\040\000d\000u\000\040\000d\000e\000u\000x\000i\000\350\000m\000e\000\040\000c\000a\000s}{section.3.2}% 9
\BOOKMARK [2][-]{subsection.3.2.2}{\376\377\000P\000r\000e\000u\000v\000e\000s\000\040\000d\000u\000\040\000p\000r\000e\000m\000i\000e\000r\000\040\000c\000a\000s}{section.3.2}% 10
\BOOKMARK [1][-]{section.3.3}{\376\377\000I\000n\000j\000e\000c\000t\000i\000f\000s\000\040\000e\000t\000\040\000p\000r\000o\000j\000e\000c\000t\000i\000f\000s}{chapter.3}% 11
\BOOKMARK [1][-]{section.3.4}{\376\377\000M\000o\000n\000o\000m\000o\000r\000p\000h\000i\000s\000m\000e\000s\000\040\000e\000t\000\040\000\351\000p\000i\000m\000o\000r\000p\000h\000i\000s\000m\000e\000s}{chapter.3}% 12
\BOOKMARK [2][-]{subsection.3.4.1}{\376\377\000D\000\351\000t\000a\000i\000l}{section.3.4}% 13
\BOOKMARK [1][-]{section.3.5}{\376\377\000K\000e\000r\000\040\000e\000t\000\040\000c\000o\000k\000e\000r}{chapter.3}% 14
\BOOKMARK [1][-]{section.3.6}{\376\377\000S\000n\000a\000k\000e\000\040\000L\000e\000m\000m\000a}{chapter.3}% 15
\BOOKMARK [1][-]{section.3.7}{\376\377\000O\000b\000t\000e\000n\000i\000r\000\040\000d\000e\000s\000\040\000f\000l\000\350\000c\000h\000e\000s}{chapter.3}% 16
\BOOKMARK [1][-]{section.3.8}{\376\377\000T\000h\000\351\000o\000r\000\350\000m\000e\000\040\000d\000'\000i\000s\000o\000m\000o\000r\000p\000h\000i\000s\000m\000e}{chapter.3}% 17
\BOOKMARK [0][-]{chapter.4}{\376\377\000C\000a\000t\000\351\000g\000o\000r\000i\000e\000s\000\040\000a\000b\000\351\000l\000i\000e\000n\000n\000e\000s}{}% 18
\BOOKMARK [1][-]{section.4.1}{\376\377\000C\000o\000d\000i\000a\000g\000o\000n\000a\000l\000e\000,\000\040\000p\000r\000o\000d\000u\000i\000t\000\040\000=\000\040\000c\000o\000p\000r\000o\000d\000u\000i\000t}{chapter.4}% 19
\BOOKMARK [1][-]{section.4.2}{\376\377\000C\000a\000t\000\351\000g\000o\000r\000i\000e\000s\000\040\000a\000b\000\351\000l\000i\000e\000n\000n\000e\000s}{chapter.4}% 20
\BOOKMARK [2][-]{subsection.4.2.1}{\376\377\000S\000p\000l\000i\000t\000t\000i\000n\000g}{section.4.2}% 21
\BOOKMARK [1][-]{section.4.3}{\376\377\000F\000o\000n\000c\000t\000e\000u\000r\000s\000\040\000e\000n\000t\000r\000e\000\040\000c\000a\000t\000\351\000g\000o\000r\000i\000e\000s\000\040\000a\000b\000\351\000l\000i\000e\000n\000n\000e\000s}{chapter.4}% 22
\BOOKMARK [1][-]{section.4.4}{\376\377\000F\000o\000n\000c\000t\000e\000u\000r\000s\000\040\000e\000x\000a\000c\000t\000s}{chapter.4}% 23
\BOOKMARK [2][-]{subsection.4.4.1}{\376\377\000S\000u\000i\000t\000e\000s\000\040\000e\000x\000a\000c\000t\000e\000s\000\040\000s\000p\000l\000i\000t\000t\000\351\000e\000s}{section.4.4}% 24
\BOOKMARK [2][-]{subsection.4.4.2}{\376\377\000F\000o\000n\000c\000t\000e\000u\000r\000s\000\040\000e\000x\000a\000c\000t\000s\000\040\000s\000o\000n\000t\000\040\000a\000d\000d\000i\000t\000i\000f\000s\000.}{section.4.4}% 25
\BOOKMARK [1][-]{section.4.5}{\376\377\000I\000n\000j\000e\000c\000t\000i\000f\000s\000\040\000e\000t\000\040\000p\000r\000o\000j\000e\000c\000t\000i\000f\000s}{chapter.4}% 26
\BOOKMARK [2][-]{subsection.4.5.1}{\376\377\000A\000d\000j\000o\000n\000c\000t\000i\000o\000n\000s\000,\000\040\000e\000x\000a\000c\000t\000i\000t\000u\000d\000e\000\040\000e\000t\000\040\000i\000n\000j\000e\000c\000t\000i\000f\000s\000/\000p\000r\000o\000j\000e\000c\000t\000i\000f\000s}{section.4.5}% 27
\BOOKMARK [2][-]{subsection.4.5.2}{\376\377\000D\000a\000n\000s\000\040\000M\000o\000d\000R}{section.4.5}% 28
\BOOKMARK [0][-]{chapter.5}{\376\377\000C\000o\000h\000o\000m\000o\000l\000o\000g\000i\000e}{}% 29
\BOOKMARK [1][-]{section.5.1}{\376\377\000F\000o\000n\000c\000t\000o\000r\000i\000a\000l\000i\000t\000\351\000\040\000e\000t\000\040\000a\000d\000d\000i\000t\000i\000v\000i\000t\000\351\000\040\000d\000e\000\040\000H\000n\000\050\000\137\000\051}{chapter.5}% 30
\BOOKMARK [2][-]{subsection.5.1.1}{\376\377\000C\000o\000n\000s\000t\000r\000u\000c\000t\000i\000o\000n}{section.5.1}% 31
\BOOKMARK [2][-]{subsection.5.1.2}{\376\377\000F\000o\000n\000c\000t\000o\000r\000i\000a\000l\000i\000t\000\351}{section.5.1}% 32
\BOOKMARK [2][-]{subsection.5.1.3}{\376\377\000A\000d\000d\000i\000t\000i\000v\000i\000t\000\351}{section.5.1}% 33
\BOOKMARK [1][-]{section.5.2}{\376\377\000S\000u\000i\000t\000e\000\040\000e\000x\000a\000c\000t\000e\000\040\000l\000o\000n\000g\000u\000e}{chapter.5}% 34
\BOOKMARK [1][-]{section.5.3}{\376\377\000H\000o\000m\000o\000t\000o\000p\000i\000e\000s}{chapter.5}% 35
\BOOKMARK [1][-]{section.5.4}{\376\377\000R\000\351\000s\000o\000l\000u\000t\000i\000o\000n\000s}{chapter.5}% 36
\BOOKMARK [2][-]{subsection.5.4.1}{\376\377\000A\000s\000s\000e\000z\000\040\000d\000'\000i\000n\000j\000e\000c\000t\000i\000f\000s\000\040\000e\000t\000\040\000r\000\351\000s\000o\000l\000u\000t\000i\000o\000n\000s}{section.5.4}% 37
\BOOKMARK [2][-]{subsection.5.4.2}{\376\377\000H\000n\000\050\000A\000\051\000\040\000n\000e\000\040\000d\000\351\000p\000e\000n\000d\000\040\000p\000a\000s\000\040\000d\000e\000\040\000l\000a\000\040\000r\000\351\000s\000o\000l\000u\000t\000i\000o\000n\000.}{section.5.4}% 38
\BOOKMARK [1][-]{section.5.5}{\376\377\000F\000o\000n\000c\000t\000e\000u\000r\000s\000\040\000d\000\351\000r\000i\000v\000\351\000s}{chapter.5}% 39
\BOOKMARK [0][-]{chapter.6}{\376\377\000C\000o\000h\000o\000m\000o\000l\000o\000g\000i\000e\000\040\000d\000e\000s\000\040\000f\000a\000i\000s\000c\000e\000a\000u\000x}{}% 40
