\BOOKMARK [0][-]{chapter.1}{\376\377\000R\000e\000m\000a\000r\000q\000u\000e\000s\000\040\000g\000\351\000n\000\351\000r\000a\000l\000e\000s}{}% 1
\BOOKMARK [0][-]{chapter.2}{\376\377\000Q\000u\000a\000t\000r\000i\000\350\000m\000e\000\040\000p\000o\000i\000n\000t\000\040\000:\000\040\000p\000r\000o\000d\000u\000i\000t\000s\000\040\000f\000i\000b\000r\000\351\000s\000,\000\040\000c\000a\000s\000\040\000d\000e\000s\000\040\000v\000a\000r\000i\000\351\000t\000\351\000s\000\040\000a\000b\000s\000t\000r\000a\000i\000t\000e\000s}{}% 2
\BOOKMARK [1][-]{section.2.1}{\376\377\000E\000s\000p\000a\000c\000e\000\040\000t\000o\000p\000o\000l\000o\000g\000i\000q\000u\000e\000\040\000s\000o\000u\000s\000\040\000j\000a\000c\000e\000n\000t}{chapter.2}% 3
\BOOKMARK [1][-]{section.2.2}{\376\377\000C\000a\000s\000\040\000a\000f\000f\000i\000n\000e}{chapter.2}% 4
\BOOKMARK [1][-]{section.2.3}{\376\377\000C\000a\000s\000\040\000g\000\351\000n\000\351\000r\000a\000l\000\040\000:\000\040\000p\000o\000i\000n\000t\000s\000\040\000t\000e\000c\000h\000n\000i\000q\000u\000e\000s}{chapter.2}% 5
\BOOKMARK [1][-]{section.2.4}{\376\377\000C\000o\000n\000s\000t\000r\000u\000c\000t\000i\000o\000n\000\040\000g\000\351\000n\000\351\000r\000a\000l\000e}{chapter.2}% 6
\BOOKMARK [0][-]{chapter.3}{\376\377\000T\000r\000o\000i\000s\000i\000\350\000m\000e\000\040\000p\000o\000i\000n\000t\000\040\000:\000\040\000d\000i\000m\000e\000n\000s\000i\000o\000n}{}% 7
\BOOKMARK [1][-]{section.3.1}{\376\377\000L\000e\000s\000\040\000d\000\351\000f\000i\000n\000i\000t\000i\000o\000n\000s}{chapter.3}% 8
\BOOKMARK [2][-]{subsection.3.1.1}{\376\377\000D\000\351\000f\000i\000n\000i\000t\000i\000o\000n\000\040\000t\000o\000p\000o\000l\000o\000g\000i\000q\000u\000e}{section.3.1}% 9
\BOOKMARK [2][-]{subsection.3.1.2}{\376\377\000D\000\351\000f\000i\000n\000i\000t\000i\000o\000n\000\040\000p\000a\000r\000\040\000l\000e\000s\000\040\000c\000o\000r\000p\000s\000\040\000d\000e\000\040\000f\000o\000n\000c\000t\000i\000o\000n\000s}{section.3.1}% 10
\BOOKMARK [1][-]{section.3.2}{\376\377\000H\000y\000p\000e\000r\000s\000u\000r\000f\000a\000c\000e\000s}{chapter.3}% 11
\BOOKMARK [2][-]{subsection.3.2.1}{\376\377\000C\000a\000s\000\040\000a\000f\000f\000i\000n\000e}{section.3.2}% 12
\BOOKMARK [2][-]{subsection.3.2.2}{\376\377\000C\000a\000s\000\040\000i\000n\000t\000\350\000g\000r\000e}{section.3.2}% 13
\BOOKMARK [2][-]{subsection.3.2.3}{\376\377\000N\000o\000m\000b\000r\000e\000\040\000d\000'\000\351\000q\000u\000a\000t\000i\000o\000n\000s\000\040\000d\000'\000u\000n\000\040\000f\000e\000r\000m\000\351}{section.3.2}% 14
\BOOKMARK [2][-]{subsection.3.2.4}{\376\377\000D\000i\000m\000e\000n\000s\000i\000o\000n\000\040\000d\000e\000s\000\040\000f\000i\000b\000r\000e\000s}{section.3.2}% 15
\BOOKMARK [0][-]{chapter.4}{\376\377\000D\000e\000u\000x\000i\000\350\000m\000e\000\040\000p\000o\000i\000n\000t\000\040\000s\000u\000r\000\040\000l\000e\000s\000\040\000c\000o\000u\000r\000s\000\040\000:\000\040\000V\000a\000r\000i\000\351\000t\000\351\000s\000\040\000a\000b\000s\000t\000r\000a\000i\000t\000e\000s\000\040\000\340\000\040\000l\000a\000\040\000W\000e\000i\000l}{}% 16
\BOOKMARK [1][-]{section.4.1}{\376\377\000P\000r\000e\000m\000i\000\350\000r\000e\000s\000\040\000d\000\351\000f\000i\000n\000i\000t\000i\000o\000n\000s}{chapter.4}% 17
\BOOKMARK [1][-]{section.4.2}{\376\377\000R\000e\000c\000o\000l\000l\000e\000m\000e\000n\000t\000\040\000d\000e\000\040\000v\000a\000r\000i\000\351\000t\000\351\000s}{chapter.4}% 18
\BOOKMARK [1][-]{section.4.3}{\376\377\000S\000o\000u\000s\000-\000v\000a\000r\000i\000\351\000t\000\351\000s}{chapter.4}% 19
\BOOKMARK [1][-]{section.4.4}{\376\377\000V\000a\000r\000i\000\351\000t\000\351\000s\000\040\000q\000u\000a\000s\000i\000-\000p\000r\000o\000j\000e\000c\000t\000i\000v\000e\000s\000\040\000a\000b\000s\000t\000r\000a\000i\000t\000e\000s}{chapter.4}% 20
\BOOKMARK [2][-]{subsection.4.4.1}{\376\377\000L\000e\000\040\000f\000a\000i\000s\000c\000e\000a\000u\000\040\000d\000e\000\040\000f\000o\000n\000c\000t\000i\000o\000n\000s\000\040\000r\000\351\000g\000u\000l\000i\000\350\000r\000e\000s\000\040\000s\000u\000r\000\040\000u\000n\000e\000\040\000v\000a\000r\000i\000\351\000t\000\351\000\040\000p\000r\000o\000j\000e\000c\000t\000i\000v\000e}{section.4.4}% 21
\BOOKMARK [0][-]{chapter.5}{\376\377\000P\000o\000i\000n\000t\000\040\000s\000u\000r\000\040\000l\000e\000\040\000c\000h\000a\000p\000i\000t\000r\000e\000\040\000I\000\040\000:\000\040\000V\000a\000r\000i\000\351\000t\000\351\000s\000\040\000a\000l\000g\000\351\000b\000r\000i\000q\000u\000e\000s\000\040\000c\000l\000a\000s\000s\000i\000q\000u\000e\000s}{}% 22
\BOOKMARK [1][-]{section.5.1}{\376\377\000R\000\351\000s\000u\000m\000\351}{chapter.5}% 23
\BOOKMARK [1][-]{section.5.2}{\376\377\000F\000r\000a\000m\000e\000w\000o\000r\000k}{chapter.5}% 24
\BOOKMARK [1][-]{section.5.3}{\376\377\000k\000-\000a\000l\000g\000\350\000b\000r\000e\000s\000\040\000e\000t\000\040\000N\000o\000e\000t\000h\000e\000r}{chapter.5}% 25
\BOOKMARK [1][-]{section.5.4}{\376\377\000N\000u\000l\000l\000s\000t\000e\000l\000l\000e\000n\000s\000a\000t\000z}{chapter.5}% 26
\BOOKMARK [1][-]{section.5.5}{\376\377\000T\000o\000p\000o\000l\000o\000g\000i\000e\000\040\000e\000t\000\040\000i\000r\000r\000\351\000d\000u\000c\000t\000i\000b\000l\000e\000s}{chapter.5}% 27
\BOOKMARK [1][-]{section.5.6}{\376\377\000E\000s\000p\000a\000c\000e\000s\000\040\000p\000r\000o\000j\000e\000c\000t\000i\000f\000s}{chapter.5}% 28
\BOOKMARK [1][-]{section.5.7}{\376\377\000F\000o\000n\000c\000t\000i\000o\000n\000s\000\040\000r\000\351\000g\000u\000l\000i\000\350\000r\000e\000s}{chapter.5}% 29
\BOOKMARK [1][-]{section.5.8}{\376\377\000M\000o\000r\000p\000h\000i\000s\000m\000e\000s\000\040\000d\000e\000\040\000v\000a\000r\000i\000\351\000t\000\351\000s\000\040\000a\000f\000f\000i\000n\000e\000s\000,\000\040\000p\000r\000e\000m\000i\000\350\000r\000e\000\040\000d\000\351\000f}{chapter.5}% 30
\BOOKMARK [0][-]{chapter.6}{\376\377\000P\000l\000a\000n\000\040\000d\000u\000\040\000c\000o\000u\000r\000s}{}% 31
\BOOKMARK [1][-]{section.6.1}{\376\377\000V\000a\000r\000i\000\351\000t\000\351\000s\000\040\000a\000f\000f\000i\000n\000e\000s}{chapter.6}% 32
\BOOKMARK [2][-]{subsection.6.1.1}{\376\377\000P\000r\000e\000m\000i\000\350\000r\000e\000s\000\040\000d\000\351\000f\000i\000n\000i\000t\000i\000o\000n\000s}{section.6.1}% 33
\BOOKMARK [2][-]{subsection.6.1.2}{\376\377\000N\000u\000l\000l\000s\000t\000e\000l\000l\000e\000n\000s\000a\000t\000z}{section.6.1}% 34
\BOOKMARK [2][-]{subsection.6.1.3}{\376\377\000T\000o\000p\000o\000l\000o\000g\000i\000e\000\040\000e\000t\000\040\000i\000r\000r\000\351\000d\000u\000c\000t\000i\000b\000l\000e\000s}{section.6.1}% 35
\BOOKMARK [2][-]{subsection.6.1.4}{\376\377\000E\000s\000p\000a\000c\000e\000s\000\040\000p\000r\000o\000j\000e\000c\000t\000i\000f\000s}{section.6.1}% 36
\BOOKMARK [2][-]{subsection.6.1.5}{\376\377\000F\000o\000n\000c\000t\000i\000o\000n\000s\000\040\000r\000\351\000g\000u\000l\000i\000\350\000r\000e\000s}{section.6.1}% 37
\BOOKMARK [2][-]{subsection.6.1.6}{\376\377\000M\000o\000r\000p\000h\000i\000s\000m\000e\000s\000\040\000d\000'\000e\000n\000s\000e\000m\000b\000l\000e\000s\000\040\000a\000l\000g\000\351\000b\000r\000i\000q\000u\000e\000s}{section.6.1}% 38
\BOOKMARK [1][-]{section.6.2}{\376\377\000V\000a\000r\000i\000\351\000t\000\351\000s\000\040\000a\000f\000f\000i\000n\000e\000s\000\040\000a\000b\000s\000t\000r\000a\000i\000t\000e\000s}{chapter.6}% 39
\BOOKMARK [2][-]{subsection.6.2.1}{\376\377\000E\000s\000p\000a\000c\000e\000s\000\040\000a\000n\000n\000e\000l\000\351\000s}{section.6.2}% 40
