\BOOKMARK [0][-]{chapter.1}{\376\377\000F\000a\000i\000s\000c\000e\000a\000u\000x}{}% 1
\BOOKMARK [1][-]{section.1.1}{\376\377\000D\000\351\000f\000i\000n\000i\000t\000i\000o\000n\000s}{chapter.1}% 2
\BOOKMARK [1][-]{section.1.2}{\376\377\000F\000a\000i\000s\000c\000e\000a\000u\000t\000i\000s\000a\000t\000i\000o\000n}{chapter.1}% 3
\BOOKMARK [1][-]{section.1.3}{\376\377\000F\000a\000i\000s\000c\000e\000a\000u\000\040\000l\000o\000c\000a\000l\000e\000m\000e\000n\000t\000\040\000c\000o\000n\000s\000t\000a\000n\000t}{chapter.1}% 4
\BOOKMARK [1][-]{section.1.4}{\376\377\000S\000u\000i\000t\000e\000s\000\040\000e\000x\000a\000c\000t\000e\000s\000\040\000d\000e\000\040\000f\000a\000i\000s\000c\000e\000a\000u\000x}{chapter.1}% 5
\BOOKMARK [1][-]{section.1.5}{\376\377\000I\000m\000a\000g\000e\000s\000\040\000d\000i\000r\000e\000c\000t\000e\000s\000\040\000e\000t\000\040\000i\000n\000v\000e\000r\000s\000e\000s\000\040\000d\000e\000\040\000f\000a\000i\000s\000c\000e\000a\000u\000x}{chapter.1}% 6
\BOOKMARK [0][-]{chapter.2}{\376\377\000C\000a\000t\000\351\000g\000o\000r\000i\000e\000s\000\040\000a\000b\000\351\000l\000i\000e\000n\000n\000e\000s}{}% 7
\BOOKMARK [1][-]{section.2.1}{\376\377\000C\000a\000t\000\351\000g\000o\000r\000i\000e\000s\000\040\000a\000d\000d\000i\000t\000i\000v\000e\000s}{chapter.2}% 8
\BOOKMARK [1][-]{section.2.2}{\376\377\000C\000a\000t\000\351\000g\000o\000r\000i\000e\000s\000\040\000a\000b\000\351\000l\000i\000e\000n\000n\000e\000s}{chapter.2}% 9
\BOOKMARK [1][-]{section.2.3}{\376\377\000L\000e\000m\000m\000e\000\040\000d\000u\000\040\000S\000e\000r\000p\000e\000n\000t}{chapter.2}% 10
\BOOKMARK [1][-]{section.2.4}{\376\377\000F\000o\000n\000c\000t\000e\000u\000r\000s\000\040\000e\000n\000t\000r\000e\000\040\000c\000a\000t\000\351\000g\000o\000r\000i\000e\000s\000\040\000a\000d\000d\000i\000t\000i\000v\000e\000s\000/\000a\000b\000\351\000l\000i\000e\000n\000n\000e\000s}{chapter.2}% 11
\BOOKMARK [0][-]{chapter.3}{\376\377\000H\000o\000m\000o\000l\000o\000g\000i\000e}{}% 12
\BOOKMARK [1][-]{section.3.1}{\376\377\000I\000n\000j\000e\000c\000t\000i\000f\000s}{chapter.3}% 13
\BOOKMARK [1][-]{section.3.2}{\376\377\000c\000o\000H\000o\000m\000o\000l\000o\000g\000i\000e}{chapter.3}% 14
\BOOKMARK [1][-]{section.3.3}{\376\377\000R\000\351\000s\000o\000l\000u\000t\000i\000o\000n\000s}{chapter.3}% 15
\BOOKMARK [1][-]{section.3.4}{\376\377\000F\000o\000n\000c\000t\000e\000u\000r\000s\000\040\000d\000\351\000r\000i\000v\000\351\000s}{chapter.3}% 16
\BOOKMARK [0][-]{chapter.4}{\376\377\000C\000o\000h\000o\000m\000o\000l\000o\000g\000i\000e\000\040\000d\000e\000s\000\040\000f\000a\000i\000s\000c\000e\000a\000u\000x}{}% 17
\BOOKMARK [1][-]{section.4.1}{\376\377\000D\000\351\000f\000i\000n\000i\000t\000i\000o\000n}{chapter.4}% 18
\BOOKMARK [1][-]{section.4.2}{\376\377\000F\000a\000i\000s\000c\000e\000a\000u\000x\000\040\000f\000l\000a\000s\000q\000u\000e\000s}{chapter.4}% 19
\BOOKMARK [0][-]{chapter.5}{\376\377\000H\000y\000p\000e\000r\000c\000o\000h\000o\000m\000o\000l\000o\000g\000i\000e}{}% 20
